{"numFailedTestSuites":0,"numFailedTests":0,"numPassedTestSuites":7,"numPassedTests":15,"numPendingTestSuites":0,"numPendingTests":0,"numRuntimeErrorTestSuites":0,"numTodoTests":0,"numTotalTestSuites":7,"numTotalTests":15,"openHandles":[],"snapshot":{"added":0,"didUpdate":false,"failure":false,"filesAdded":0,"filesRemoved":0,"filesUnmatched":0,"filesUpdated":0,"matched":0,"total":0,"unchecked":0,"uncheckedKeysByFile":[],"unmatched":0,"updated":0},"startTime":1566198097105,"success":true,"testResults":[{"failureMessage":null,"numFailingTests":0,"numPassingTests":2,"numPendingTests":0,"numTodoTests":0,"perfStats":{"end":1566198106754,"start":1566198106107},"snapshot":{"added":0,"fileDeleted":false,"matched":0,"unchecked":0,"unmatched":0,"updated":0,"uncheckedKeys":[]},"testFilePath":"/Users/liat/Documents/bootcamp_elevation/week9/mobx1-lesson-exercises-ex-liatcohen/.hg/exercises/ex-1.test.js","testResults":[{"ancestorTitles":["exercise1"],"duration":19,"failureMessages":[],"fullName":"exercise1 store should have an addItem function that adds a new Item to the stores list property","location":null,"numPassingAsserts":0,"status":"passed","title":"store should have an addItem function that adds a new Item to the stores list property"},{"ancestorTitles":["exercise1"],"duration":14,"failureMessages":[],"fullName":"exercise1 addItem function should be a MobX action","location":null,"numPassingAsserts":0,"status":"passed","title":"addItem function should be a MobX action"}],"skipped":false,"leaks":false},{"failureMessage":null,"numFailingTests":0,"numPassingTests":3,"numPendingTests":0,"numTodoTests":0,"perfStats":{"end":1566198105973,"start":1566198102496},"snapshot":{"added":0,"fileDeleted":false,"matched":0,"unchecked":0,"unmatched":0,"updated":0,"uncheckedKeys":[]},"testFilePath":"/Users/liat/Documents/bootcamp_elevation/week9/mobx1-lesson-exercises-ex-liatcohen/.hg/exercises/ex-2.test.js","testResults":[{"ancestorTitles":["exercise 2"],"duration":16,"failureMessages":[],"fullName":"exercise 2 Each item should have a location property","location":null,"numPassingAsserts":0,"status":"passed","title":"Each item should have a location property"},{"ancestorTitles":["exercise 2"],"duration":6,"failureMessages":[],"fullName":"exercise 2 The location property should have a default value of \"Super Sell\"","location":null,"numPassingAsserts":0,"status":"passed","title":"The location property should have a default value of \"Super Sell\""},{"ancestorTitles":["exercise 2"],"duration":185,"failureMessages":[],"fullName":"exercise 2 the location should be rendered next to each item","location":null,"numPassingAsserts":0,"status":"passed","title":"the location should be rendered next to each item"}],"skipped":false,"leaks":false},{"failureMessage":null,"numFailingTests":0,"numPassingTests":3,"numPendingTests":0,"numTodoTests":0,"perfStats":{"end":1566198106109,"start":1566198102332},"snapshot":{"added":0,"fileDeleted":false,"matched":0,"unchecked":0,"unmatched":0,"updated":0,"uncheckedKeys":[]},"testFilePath":"/Users/liat/Documents/bootcamp_elevation/week9/mobx1-lesson-exercises-ex-liatcohen/.hg/exercises/ex-3.test.js","testResults":[{"ancestorTitles":["exercise 3"],"duration":17,"failureMessages":[],"fullName":"exercise 3 The store should have an editItem function that edits the location of a given item","location":null,"numPassingAsserts":0,"status":"passed","title":"The store should have an editItem function that edits the location of a given item"},{"ancestorTitles":["exercise 3"],"duration":6,"failureMessages":[],"fullName":"exercise 3 editItem function should be a MobX action","location":null,"numPassingAsserts":0,"status":"passed","title":"editItem function should be a MobX action"},{"ancestorTitles":["exercise 3"],"duration":316,"failureMessages":[],"fullName":"exercise 3 The edit button should be rendered per each list item and work on click","location":null,"numPassingAsserts":0,"status":"passed","title":"The edit button should be rendered per each list item and work on click"}],"skipped":false,"leaks":false},{"failureMessage":null,"numFailingTests":0,"numPassingTests":3,"numPendingTests":0,"numTodoTests":0,"perfStats":{"end":1566198106316,"start":1566198102315},"snapshot":{"added":0,"fileDeleted":false,"matched":0,"unchecked":0,"unmatched":0,"updated":0,"uncheckedKeys":[]},"testFilePath":"/Users/liat/Documents/bootcamp_elevation/week9/mobx1-lesson-exercises-ex-liatcohen/.hg/exercises/ex-4.test.js","testResults":[{"ancestorTitles":["exercise 4"],"duration":33,"failureMessages":[],"fullName":"exercise 4 The store should have a deleteItem function that deletes an item from the list","location":null,"numPassingAsserts":0,"status":"passed","title":"The store should have a deleteItem function that deletes an item from the list"},{"ancestorTitles":["exercise 4"],"duration":4,"failureMessages":[],"fullName":"exercise 4 deleteItem function should be a MobX action","location":null,"numPassingAsserts":0,"status":"passed","title":"deleteItem function should be a MobX action"},{"ancestorTitles":["exercise 4"],"duration":483,"failureMessages":[],"fullName":"exercise 4 delete button should be rendered per each list item and work on click","location":null,"numPassingAsserts":0,"status":"passed","title":"delete button should be rendered per each list item and work on click"}],"skipped":false,"leaks":false},{"failureMessage":null,"numFailingTests":0,"numPassingTests":1,"numPendingTests":0,"numTodoTests":0,"perfStats":{"end":1566198107159,"start":1566198106768},"snapshot":{"added":0,"fileDeleted":false,"matched":0,"unchecked":0,"unmatched":0,"updated":0,"uncheckedKeys":[]},"testFilePath":"/Users/liat/Documents/bootcamp_elevation/week9/mobx1-lesson-exercises-ex-liatcohen/.hg/spot-check-1/ex-1.test.js","testResults":[{"ancestorTitles":["spotcheck1"],"duration":4,"failureMessages":[],"fullName":"spotcheck1 groceryList class store should have an observable property \"list\"","location":null,"numPassingAsserts":0,"status":"passed","title":"groceryList class store should have an observable property \"list\""}],"skipped":false,"leaks":false},{"failureMessage":null,"numFailingTests":0,"numPassingTests":2,"numPendingTests":0,"numTodoTests":0,"perfStats":{"end":1566198106828,"start":1566198106177},"snapshot":{"added":0,"fileDeleted":false,"matched":0,"unchecked":0,"unmatched":0,"updated":0,"uncheckedKeys":[]},"testFilePath":"/Users/liat/Documents/bootcamp_elevation/week9/mobx1-lesson-exercises-ex-liatcohen/.hg/spot-check-2/ex-1.test.js","testResults":[{"ancestorTitles":["spotcheck2"],"duration":26,"failureMessages":[],"fullName":"spotcheck2 Application should render without crashing","location":null,"numPassingAsserts":0,"status":"passed","title":"Application should render without crashing"},{"ancestorTitles":["spotcheck2"],"duration":42,"failureMessages":[],"fullName":"spotcheck2 App is reading the mobx store list property","location":null,"numPassingAsserts":0,"status":"passed","title":"App is reading the mobx store list property"}],"skipped":false,"leaks":false},{"failureMessage":null,"numFailingTests":0,"numPassingTests":1,"numPendingTests":0,"numTodoTests":0,"perfStats":{"end":1566198106876,"start":1566198106337},"snapshot":{"added":0,"fileDeleted":false,"matched":0,"unchecked":0,"unmatched":0,"updated":0,"uncheckedKeys":[]},"testFilePath":"/Users/liat/Documents/bootcamp_elevation/week9/mobx1-lesson-exercises-ex-liatcohen/.hg/spot-check-3/ex-1.test.js","testResults":[{"ancestorTitles":["spotcheck3"],"duration":17,"failureMessages":[],"fullName":"spotcheck3 Application should render without crashing","location":null,"numPassingAsserts":0,"status":"passed","title":"Application should render without crashing"}],"skipped":false,"leaks":false}],"wasInterrupted":false}